# JRE version: Java(TM) SE Runtime Environment (7.0_79-b15) (build 1.7.0_79-b15)
# Java VM: Java HotSpot(TM) 64-Bit Server VM (24.79-b02 mixed mode windows-amd64 compressed oops)
Heap
 PSYoungGen      total 209920K, used 141824K [0x00000000eaa80000, 0x00000000fd880000, 0x0000000100000000)
  eden space 141824K, 100% used [0x00000000eaa80000,0x00000000f3500000,0x00000000f3500000)
  from space 68096K, 0% used [0x00000000f3500000,0x00000000f3500000,0x00000000f7780000)
  to   space 66048K, 0% used [0x00000000f9800000,0x00000000f9800000,0x00000000fd880000)
 ParOldGen       total 204800K, used 183995K [0x00000000c0000000, 0x00000000cc800000, 0x00000000eaa80000)
  object space 204800K, 89% used [0x00000000c0000000,0x00000000cb3aed68,0x00000000cc800000)
 PSPermGen       total 200704K, used 168155K [0x00000000b0000000, 0x00000000bc400000, 0x00000000c0000000)
  object space 200704K, 83% used [0x00000000b0000000,0x00000000ba436f28,0x00000000bc400000)
GC Heap History (10 events):
Event: 6648.868 GC heap after
Heap after GC invocations=61 (full 15):
 PSYoungGen      total 207360K, used 43153K [0x00000000eaa80000, 0x00000000fb100000, 0x0000000100000000)
  eden space 152064K, 0% used [0x00000000eaa80000,0x00000000eaa80000,0x00000000f3f00000)
  from space 55296K, 78% used [0x00000000f7b00000,0x00000000fa5244f0,0x00000000fb100000)
  to   space 58368K, 0% used [0x00000000f3f00000,0x00000000f3f00000,0x00000000f7800000)
 ParOldGen       total 204800K, used 127590K [0x00000000c0000000, 0x00000000cc800000, 0x00000000eaa80000)
  object space 204800K, 62% used [0x00000000c0000000,0x00000000c7c99958,0x00000000cc800000)
 PSPermGen       total 167424K, used 150648K [0x00000000b0000000, 0x00000000ba380000, 0x00000000c0000000)
  object space 167424K, 89% used [0x00000000b0000000,0x00000000b931e2d8,0x00000000ba380000)
}
Event: 6775.477 GC heap before
{Heap before GC invocations=62 (full 15):
 PSYoungGen      total 207360K, used 195217K [0x00000000eaa80000, 0x00000000fb100000, 0x0000000100000000)
  eden space 152064K, 100% used [0x00000000eaa80000,0x00000000f3f00000,0x00000000f3f00000)
  from space 55296K, 78% used [0x00000000f7b00000,0x00000000fa5244f0,0x00000000fb100000)
  to   space 58368K, 0% used [0x00000000f3f00000,0x00000000f3f00000,0x00000000f7800000)
 ParOldGen       total 204800K, used 127590K [0x00000000c0000000, 0x00000000cc800000, 0x00000000eaa80000)
  object space 204800K, 62% used [0x00000000c0000000,0x00000000c7c99958,0x00000000cc800000)
 PSPermGen       total 167424K, used 156821K [0x00000000b0000000, 0x00000000ba380000, 0x00000000c0000000)
  object space 167424K, 93% used [0x00000000b0000000,0x00000000b99254f8,0x00000000ba380000)
Event: 6775.537 GC heap after
Heap after GC invocations=62 (full 15):
 PSYoungGen      total 196096K, used 49385K [0x00000000eaa80000, 0x00000000fb580000, 0x0000000100000000)
  eden space 146432K, 0% used [0x00000000eaa80000,0x00000000eaa80000,0x00000000f3980000)
  from space 49664K, 99% used [0x00000000f3f00000,0x00000000f6f3a550,0x00000000f6f80000)
  to   space 63488K, 0% used [0x00000000f7780000,0x00000000f7780000,0x00000000fb580000)
 ParOldGen       total 204800K, used 127590K [0x00000000c0000000, 0x00000000cc800000, 0x00000000eaa80000)
  object space 204800K, 62% used [0x00000000c0000000,0x00000000c7c99958,0x00000000cc800000)
 PSPermGen       total 167424K, used 156821K [0x00000000b0000000, 0x00000000ba380000, 0x00000000c0000000)
  object space 167424K, 93% used [0x00000000b0000000,0x00000000b99254f8,0x00000000ba380000)
}
Event: 6777.479 GC heap before
{Heap before GC invocations=63 (full 15):
 PSYoungGen      total 196096K, used 195817K [0x00000000eaa80000, 0x00000000fb580000, 0x0000000100000000)
  eden space 146432K, 100% used [0x00000000eaa80000,0x00000000f3980000,0x00000000f3980000)
  from space 49664K, 99% used [0x00000000f3f00000,0x00000000f6f3a550,0x00000000f6f80000)
  to   space 63488K, 0% used [0x00000000f7780000,0x00000000f7780000,0x00000000fb580000)
 ParOldGen       total 204800K, used 127590K [0x00000000c0000000, 0x00000000cc800000, 0x00000000eaa80000)
  object space 204800K, 62% used [0x00000000c0000000,0x00000000c7c99958,0x00000000cc800000)
 PSPermGen       total 167424K, used 160065K [0x00000000b0000000, 0x00000000ba380000, 0x00000000c0000000)
  object space 167424K, 95% used [0x00000000b0000000,0x00000000b9c50780,0x00000000ba380000)
Event: 6777.536 GC heap after
Heap after GC invocations=63 (full 15):
 PSYoungGen      total 205312K, used 51159K [0x00000000eaa80000, 0x00000000fdc80000, 0x0000000100000000)
  eden space 141824K, 0% used [0x00000000eaa80000,0x00000000eaa80000,0x00000000f3500000)
  from space 63488K, 80% used [0x00000000f7780000,0x00000000fa975d38,0x00000000fb580000)
  to   space 68096K, 0% used [0x00000000f3500000,0x00000000f3500000,0x00000000f7780000)
 ParOldGen       total 204800K, used 140390K [0x00000000c0000000, 0x00000000cc800000, 0x00000000eaa80000)
  object space 204800K, 68% used [0x00000000c0000000,0x00000000c8919a98,0x00000000cc800000)
 PSPermGen       total 167424K, used 160065K [0x00000000b0000000, 0x00000000ba380000, 0x00000000c0000000)
  object space 167424K, 95% used [0x00000000b0000000,0x00000000b9c50780,0x00000000ba380000)
}
Event: 6783.222 GC heap before
{Heap before GC invocations=64 (full 15):
 PSYoungGen      total 205312K, used 103984K [0x00000000eaa80000, 0x00000000fdc80000, 0x0000000100000000)
  eden space 141824K, 37% used [0x00000000eaa80000,0x00000000ede16588,0x00000000f3500000)
  from space 63488K, 80% used [0x00000000f7780000,0x00000000fa975d38,0x00000000fb580000)
  to   space 68096K, 0% used [0x00000000f3500000,0x00000000f3500000,0x00000000f7780000)
 ParOldGen       total 204800K, used 140390K [0x00000000c0000000, 0x00000000cc800000, 0x00000000eaa80000)
  object space 204800K, 68% used [0x00000000c0000000,0x00000000c8919a98,0x00000000cc800000)
 PSPermGen       total 167424K, used 160969K [0x00000000b0000000, 0x00000000ba380000, 0x00000000c0000000)
  object space 167424K, 96% used [0x00000000b0000000,0x00000000b9d32478,0x00000000ba380000)
Event: 6783.277 GC heap after
Heap after GC invocations=64 (full 15):
 PSYoungGen      total 209920K, used 23354K [0x00000000eaa80000, 0x00000000fd880000, 0x0000000100000000)
  eden space 141824K, 0% used [0x00000000eaa80000,0x00000000eaa80000,0x00000000f3500000)
  from space 68096K, 34% used [0x00000000f3500000,0x00000000f4bce8f8,0x00000000f7780000)
  to   space 66048K, 0% used [0x00000000f9800000,0x00000000f9800000,0x00000000fd880000)
 ParOldGen       total 204800K, used 162419K [0x00000000c0000000, 0x00000000cc800000, 0x00000000eaa80000)
  object space 204800K, 79% used [0x00000000c0000000,0x00000000c9e9cf40,0x00000000cc800000)
 PSPermGen       total 167424K, used 160969K [0x00000000b0000000, 0x00000000ba380000, 0x00000000c0000000)
  object space 167424K, 96% used [0x00000000b0000000,0x00000000b9d32478,0x00000000ba380000)
}
Event: 6783.277 GC heap before
{Heap before GC invocations=65 (full 16):
 PSYoungGen      total 209920K, used 23354K [0x00000000eaa80000, 0x00000000fd880000, 0x0000000100000000)
  eden space 141824K, 0% used [0x00000000eaa80000,0x00000000eaa80000,0x00000000f3500000)
  from space 68096K, 34% used [0x00000000f3500000,0x00000000f4bce8f8,0x00000000f7780000)
  to   space 66048K, 0% used [0x00000000f9800000,0x00000000f9800000,0x00000000fd880000)
 ParOldGen       total 204800K, used 162419K [0x00000000c0000000, 0x00000000cc800000, 0x00000000eaa80000)
  object space 204800K, 79% used [0x00000000c0000000,0x00000000c9e9cf40,0x00000000cc800000)
 PSPermGen       total 167424K, used 160969K [0x00000000b0000000, 0x00000000ba380000, 0x00000000c0000000)
  object space 167424K, 96% used [0x00000000b0000000,0x00000000b9d32478,0x00000000ba380000)
Event: 6784.506 GC heap after
Heap after GC invocations=65 (full 16):
 PSYoungGen      total 209920K, used 0K [0x00000000eaa80000, 0x00000000fd880000, 0x0000000100000000)
  eden space 141824K, 0% used [0x00000000eaa80000,0x00000000eaa80000,0x00000000f3500000)
  from space 68096K, 0% used [0x00000000f3500000,0x00000000f3500000,0x00000000f7780000)
  to   space 66048K, 0% used [0x00000000f9800000,0x00000000f9800000,0x00000000fd880000)
 ParOldGen       total 204800K, used 183995K [0x00000000c0000000, 0x00000000cc800000, 0x00000000eaa80000)
  object space 204800K, 89% used [0x00000000c0000000,0x00000000cb3aed68,0x00000000cc800000)
 PSPermGen       total 200704K, used 160952K [0x00000000b0000000, 0x00000000bc400000, 0x00000000c0000000)
  object space 200704K, 80% used [0x00000000b0000000,0x00000000b9d2e020,0x00000000bc400000)
}
Event: 6883.278 GC heap before
{Heap before GC invocations=66 (full 17):
 PSYoungGen      total 209920K, used 141824K [0x00000000eaa80000, 0x00000000fd880000, 0x0000000100000000)
  eden space 141824K, 100% used [0x00000000eaa80000,0x00000000f3500000,0x00000000f3500000)
  from space 68096K, 0% used [0x00000000f3500000,0x00000000f3500000,0x00000000f7780000)
  to   space 66048K, 0% used [0x00000000f9800000,0x00000000f9800000,0x00000000fd880000)
 ParOldGen       total 204800K, used 183995K [0x00000000c0000000, 0x00000000cc800000, 0x00000000eaa80000)
  object space 204800K, 89% used [0x00000000c0000000,0x00000000cb3aed68,0x00000000cc800000)
 PSPermGen       total 200704K, used 168155K [0x00000000b0000000, 0x00000000bc400000, 0x00000000c0000000)
  object space 200704K, 83% used [0x00000000b0000000,0x00000000ba436f28,0x00000000bc400000)

